stdClass::__set_state(array(
   'createdDate' => NULL,
   'id' => 12255886,
   'companyId' => 15,
   'customerId' => 53277,
   'description' => NULL,
   'weight' => 0.0,
   'quantity' => 1,
   'width' => 0.0,
   'length' => 0.0,
   'height' => 0.0,
   'cost' => 60.0,
   'type' => NULL,
   'requestDate' => NULL,
   'deliveryDate' => NULL,
   'expectedDeliveryDate' => '2023-10-06',
   'barcode' => '131004113684',
   'barcodeImage' => 'https://elasticbeanstalk-eu-central-1-640066223797.s3-accelerate.amazonaws.com/barcodes/131004113684.png',
   'thirdPartyTrackingNo' => NULL,
   'thirdPartyBarcode' => NULL,
   'thirdPartyBarcodeImage' => NULL,
   'thirdPartyServiceId' => NULL,
   'isInternationalShipping' => false,
   'originAddressId' => 18350538,
   'destinationAddressId' => 18350539,
   'originVillageId' => 41157,
   'customer' => NULL,
   'originAddress' => 
  stdClass::__set_state(array(
     'createdDate' => NULL,
     'id' => NULL,
     'companyId' => NULL,
     'addressLine1' => 'شارع القدس',
     'addressLine2' => NULL,
     'city' => NULL,
     'cityId' => 5,
     'country' => NULL,
     'village' => NULL,
     'villageId' => 41157,
     'region' => NULL,
     'regionId' => 1,
     'street' => NULL,
     'zipCode' => NULL,
     'latitude' => 0.0,
     'longitude' => 0.0,
     'locationAccuracy' => 0.0,
     'notes' => NULL,
     'buildingNo' => NULL,
     'buildingName' => NULL,
     'floorNo' => NULL,
     'doorNo' => NULL,
     'arabicRegionName' => NULL,
     'arabicCityName' => NULL,
     'arabicVillageName' => NULL,
     'words' => NULL,
  )),
   'destinationAddress' => 
  stdClass::__set_state(array(
     'createdDate' => NULL,
     'id' => NULL,
     'companyId' => NULL,
     'addressLine1' => 'مناطق 48, شفاعمر',
     'addressLine2' => NULL,
     'city' => NULL,
     'cityId' => 357,
     'country' => NULL,
     'village' => NULL,
     'villageId' => 1821,
     'region' => NULL,
     'regionId' => 4,
     'street' => NULL,
     'zipCode' => NULL,
     'latitude' => 0.0,
     'longitude' => 0.0,
     'locationAccuracy' => 0.0,
     'notes' => NULL,
     'buildingNo' => NULL,
     'buildingName' => NULL,
     'floorNo' => NULL,
     'doorNo' => NULL,
     'arabicRegionName' => NULL,
     'arabicCityName' => NULL,
     'arabicVillageName' => NULL,
     'words' => NULL,
  )),
   'flagToManagement' => false,
   'products' => NULL,
   'driver' => NULL,
   'rate' => 0.0,
   'paymentStatus' => false,
   'isShippingPlan' => NULL,
   'cod' => 270.0,
   'originalCod' => 270.0,
   'serviceType' => 'STANDARD',
   'shipmentType' => 'COD',
   'shipmentTypeString' => NULL,
   'senderFirstName' => 'حسام بسيسو2',
   'senderMiddleName' => NULL,
   'senderLastName' => '',
   'senderEmail' => 'togo2@gobox.ps',
   'senderPhone' => '0594440033',
   'senderPhone2' => NULL,
   'receiverFirstName' => 'مرام',
   'receiverMiddleName' => NULL,
   'receiverLastName' => '',
   'receiverEmail' => NULL,
   'receiverPhone' => '0543444578',
   'receiverPhone2' => '',
   'productsNo' => 0,
   'status' => 'APPROVED_BY_CUSTOMER_CARE_AND_WAITING_FOR_DISPATCHER',
   'completedStatus' => NULL,
   'customerName' => NULL,
   'nextDestination' => 'Al Mothalth',
   'notes' => '',
   'isInsurance' => false,
   'isFragile' => false,
   'isPreventOpen' => false,
   'isflammable' => false,
   'isHazardousMaterial' => false,
   'isAnimalOrPit' => false,
   'isNeedPackaging' => false,
   'isCodChanged' => false,
   'isCostChanged' => false,
   'codChangeRequest' => NULL,
   'deliveryRoute' => 
  array (
    0 => 
    stdClass::__set_state(array(
       'name' => 'Pending',
       'arabicName' => 'طلب جديد',
       'deliveryDate' => '2023-10-04T14:42:37.627+0000',
       'type' => NULL,
       'typeKey' => NULL,
       'userName' => NULL,
       'isArrived' => true,
    )),
  ),
   'packageItemsToDeliver' => NULL,
   'packageItemsToDeliverList' => NULL,
   'authorId' => NULL,
   'isCodPackage' => false,
   'postponedDeliveryDate' => NULL,
   'businessReceiverName' => NULL,
   'businessSenderName' => 'jody',
   'receiverAuthorizedGovRegistrationNumber' => NULL,
   'senderAuthorizedGovRegistrationNumber' => NULL,
   'pickupDate' => NULL,
   'deliveryCodDate' => NULL,
   'codBarcode' => '231004113681',
   'codBarcodeImage' => 'https://elasticbeanstalk-eu-central-1-640066223797.s3-accelerate.amazonaws.com/barcodes/231004113681.png',
   'fromAddress' => NULL,
   'toAddress' => NULL,
   'numberOfDaysFromPickupUntilNow' => NULL,
   'receiverName' => 'مرام',
   'senderName' => 'حسام بسيسو2',
   'driverName' => NULL,
   'hubName' => NULL,
   'driverNotes' => NULL,
   'hubId' => 0,
   'parcelTypeId' => NULL,
   'invoiceNumber' => NULL,
   'label' => NULL,
   'massCodPackageId' => NULL,
   'senderCity' => NULL,
   'senderVillage' => NULL,
   'receiverCity' => NULL,
   'timeSpanFromPickupToSort' => 0,
   'sortDate' => NULL,
   'customerBusinessName' => NULL,
   'customerRegistrationNumber' => NULL,
   'customerLogo' => NULL,
   'bankTransferId' => NULL,
   'destinationVillage' => NULL,
   'destinationAddressLine1' => NULL,
   'returnedPackageLocation' => NULL,
   'isShowSenderAddressInReport' => false,
   'isCustomerShowSenderNameInReport' => false,
   'supplierInvoice' => NULL,
   'destinationRegion' => NULL,
   'destinationCity' => NULL,
   'isFailed' => false,
   'failuresNumber' => 0,
   'isFailureResolved' => false,
   'partnerId' => NULL,
   'partnerPackageId' => NULL,
   'partnerName' => NULL,
   'isTransferred' => false,
   'partnerPackageCost' => 0.0,
   'customerStatusType' => NULL,
   'historyDate' => NULL,
   'driverId' => NULL,
   'receiverCustomerId' => NULL,
   'statusCode' => NULL,
   'isDraft' => false,
   'codStatus' => NULL,
   'originCity' => NULL,
   'originAddressLine1' => NULL,
   'driverPackageStatus' => NULL,
   'isAttachmentExist' => false,
   'isSignatureExist' => false,
   'isReceiverPayCost' => false,
   'subBundles' => NULL,
   'orderId' => NULL,
   'firstPickupDate' => NULL,
   'delayedDurationSincePickup' => NULL,
   'delayedDurationSinceCreated' => NULL,
   'draftPackageImageUrl' => NULL,
   'isDraftPackageWithoutReceiverInfo' => false,
   'driverEarning' => 0.0,
   'isDeliverToReceivingPoint' => false,
   'currency' => NULL,
   'interest' => 0.0,
   'destinationRegionId' => NULL,
   'serviceTypeId' => NULL,
   'serviceTypeName' => NULL,
   'vehicleTypeId' => NULL,
   'vehicleTypeName' => NULL,
   'returnDate' => NULL,
   'delayedDuration' => NULL,
   'location' => NULL,
   'codDriverName' => NULL,
   'codHubName' => NULL,
   'iban' => NULL,
   'expectedPickupDate' => NULL,
   'paidAmount' => 0.0,
   'assignToDriverDate' => NULL,
   'packageContent' => NULL,
   'deliveredByDriver' => NULL,
   'packageContents' => NULL,
   'driverLocation' => NULL,
   'deliveryLocation' => NULL,
   'authorName' => NULL,
   'customerAuthorId' => 53277,
   'isFingerprintRequired' => false,
   'accountReferenceNumber' => NULL,
   'msisdn' => NULL,
   'simNumber' => NULL,
   'paymentType' => NULL,
   'isSubBundle' => false,
   'customerAccountManagerPhone' => NULL,
   'verificationStatus' => NULL,
   'driverPhone' => NULL,
   'invoiceNumberBarcodeImage' => NULL,
   'codFees' => 0.0,
   'partnerType' => NULL,
   'containerNumber' => NULL,
   'lclPaymentStatus' => NULL,
   'toBePaid' => 0.0,
   'suppliers' => NULL,
   'containerSize' => NULL,
   'integrationSource' => NULL,
   'integrationDestination' => NULL,
   'isReturnedPackageConfirmedByCustomer' => false,
   'returnConfirmDate' => NULL,
   'exportDate' => NULL,
   'isNeedCooling' => false,
   'isNeedMeasurement' => false,
   'isNeedPreview' => false,
   'isDestructible' => false,
   'lastStatusDate' => NULL,
   'destinationHubId' => NULL,
   'receiverAddressBookId' => 7429630,
   'commissionFee' => 0.0,
   'returnsNum' => 0,
   'deliveriesNum' => 0.0,
   'failedReason' => NULL,
   'isPartiallyDelivered' => false,
   'bundleId' => NULL,
   'isBundle' => false,
   'billingAddressId' => NULL,
   'billingAddress' => NULL,
   'signatureImage' => NULL,
   'partnerPackageStatus' => NULL,
   'returnedPartnerPackageLocation' => NULL,
   'packageItems' => NULL,
   'devices' => NULL,
   'customerOptionalNumber' => NULL,
   'receiverVillage' => NULL,
   'codPackageId' => NULL,
   'email' => NULL,
   'password' => NULL,
   'dateBeforeReceiveCod' => NULL,
   'dateBeforePickUp' => NULL,
   'payerName' => NULL,
   'payerPhone' => NULL,
   'additionalCost' => 0.0,
   'percentageFee' => 0.0,
   'customerNotes' => NULL,
   'adminNotes' => NULL,
   'isAdminNotesAdded' => false,
   'toPayToReceiver' => NULL,
   'toCollectFromReceiver' => NULL,
   'codMismatchId' => NULL,
   'hubCost' => 0.0,
   'salesChannel' => NULL,
   'serviceTypeColor' => NULL,
   'receivedBy' => NULL,
   'fromHub' => NULL,
   'toHub' => NULL,
   'trip' => 
  stdClass::__set_state(array(
     'createdDate' => NULL,
     'id' => NULL,
     'companyId' => NULL,
     'tripNumber' => NULL,
     'mainTripCapacity' => 0.0,
     'citiiesTripsTimeSchedules' => NULL,
  )),
   'tripNumber' => NULL,
   'fromHubName' => NULL,
   'toHubName' => NULL,
   'fullCreaterName' => NULL,
   'returnReceiveDate' => NULL,
   'attachmentsUrlList' => NULL,
   'pickupType' => NULL,
   'isReturnedPackageCanBeConfirmed' => NULL,
   'isPreventMeasuring' => false,
   'customerType' => NULL,
   'qrCode' => 'https://elasticbeanstalk-eu-central-1-640066223797.s3-accelerate.amazonaws.com/barcodes/131004113684_1696430558417.png',
   'originalBusinessSenderName' => NULL,
   'isSenderPayCost' => false,
   'isToFinalDestination' => false,
   'codCustodyOnUserId' => NULL,
   'fulfillmentOrderId' => NULL,
   'insuranceFee' => 0.0,
   'additionalCodFee' => 0.0,
   'isInsured' => false,
   'bundleStatus' => NULL,
   'awbUrl' => NULL,
   'attachmentsCount' => 0,
   'permenantPartnerPackageId' => NULL,
   'parcelType' => NULL,
   'volumetricWeight' => 0.0,
   'fullReceiverName' => 'مرام',
   'fullSenderName' => 'حسام بسيسو2',
   'isCustomerTelecom' => false,
   'isPickedBefore' => false,
   'deliveryRouteAsJson' => '{"nodes":[{"name":"Pending","arabicName":"طلب جديد","deliveryDate":"Oct 04, 2023, 02:42:37 PM","isArrived":true}]}',
))
 ================ 
stdClass::__set_state(array(
   'createdDate' => NULL,
   'id' => 12256577,
   'companyId' => 15,
   'customerId' => 53277,
   'description' => NULL,
   'weight' => 0.0,
   'quantity' => 1,
   'width' => 0.0,
   'length' => 0.0,
   'height' => 0.0,
   'cost' => 0.0,
   'type' => NULL,
   'requestDate' => NULL,
   'deliveryDate' => NULL,
   'expectedDeliveryDate' => '2023-10-06',
   'barcode' => '131004115442',
   'barcodeImage' => 'https://elasticbeanstalk-eu-central-1-640066223797.s3-accelerate.amazonaws.com/barcodes/131004115442.png',
   'thirdPartyTrackingNo' => NULL,
   'thirdPartyBarcode' => NULL,
   'thirdPartyBarcodeImage' => NULL,
   'thirdPartyServiceId' => NULL,
   'isInternationalShipping' => false,
   'originAddressId' => 18350892,
   'destinationAddressId' => 18350893,
   'originVillageId' => 588,
   'customer' => NULL,
   'originAddress' => 
  stdClass::__set_state(array(
     'createdDate' => NULL,
     'id' => NULL,
     'companyId' => NULL,
     'addressLine1' => 'صور باهر',
     'addressLine2' => NULL,
     'city' => NULL,
     'cityId' => 3,
     'country' => NULL,
     'village' => NULL,
     'villageId' => 588,
     'region' => NULL,
     'regionId' => 2,
     'street' => NULL,
     'zipCode' => NULL,
     'latitude' => 0.0,
     'longitude' => 0.0,
     'locationAccuracy' => 0.0,
     'notes' => NULL,
     'buildingNo' => NULL,
     'buildingName' => NULL,
     'floorNo' => NULL,
     'doorNo' => NULL,
     'arabicRegionName' => NULL,
     'arabicCityName' => NULL,
     'arabicVillageName' => NULL,
     'words' => NULL,
  )),
   'destinationAddress' => 
  stdClass::__set_state(array(
     'createdDate' => NULL,
     'id' => NULL,
     'companyId' => NULL,
     'addressLine1' => 'الأردن, عمان جبل عمان الدوار الثالت شارع سامي طه عماره رقم ٤',
     'addressLine2' => NULL,
     'city' => NULL,
     'cityId' => 395,
     'country' => NULL,
     'village' => NULL,
     'villageId' => 29865,
     'region' => NULL,
     'regionId' => 33,
     'street' => NULL,
     'zipCode' => NULL,
     'latitude' => 0.0,
     'longitude' => 0.0,
     'locationAccuracy' => 0.0,
     'notes' => NULL,
     'buildingNo' => NULL,
     'buildingName' => NULL,
     'floorNo' => NULL,
     'doorNo' => NULL,
     'arabicRegionName' => NULL,
     'arabicCityName' => NULL,
     'arabicVillageName' => NULL,
     'words' => NULL,
  )),
   'flagToManagement' => false,
   'products' => NULL,
   'driver' => NULL,
   'rate' => 0.0,
   'paymentStatus' => false,
   'isShippingPlan' => NULL,
   'cod' => 265.0,
   'originalCod' => 265.0,
   'serviceType' => 'STANDARD',
   'shipmentType' => 'COD',
   'shipmentTypeString' => NULL,
   'senderFirstName' => 'حسام بسيسو2',
   'senderMiddleName' => NULL,
   'senderLastName' => '',
   'senderEmail' => 'togo2@gobox.ps',
   'senderPhone' => '0525515050',
   'senderPhone2' => NULL,
   'receiverFirstName' => 'ايه',
   'receiverMiddleName' => NULL,
   'receiverLastName' => '',
   'receiverEmail' => NULL,
   'receiverPhone' => '0796533245',
   'receiverPhone2' => '',
   'productsNo' => 0,
   'status' => 'APPROVED_BY_CUSTOMER_CARE_AND_WAITING_FOR_DISPATCHER',
   'completedStatus' => NULL,
   'customerName' => NULL,
   'nextDestination' => 'Amman',
   'notes' => '',
   'isInsurance' => false,
   'isFragile' => false,
   'isPreventOpen' => false,
   'isflammable' => false,
   'isHazardousMaterial' => false,
   'isAnimalOrPit' => false,
   'isNeedPackaging' => false,
   'isCodChanged' => false,
   'isCostChanged' => false,
   'codChangeRequest' => NULL,
   'deliveryRoute' => 
  array (
    0 => 
    stdClass::__set_state(array(
       'name' => 'Pending',
       'arabicName' => 'طلب جديد',
       'deliveryDate' => '2023-10-04T14:47:49.110+0000',
       'type' => NULL,
       'typeKey' => NULL,
       'userName' => NULL,
       'isArrived' => true,
    )),
  ),
   'packageItemsToDeliver' => NULL,
   'packageItemsToDeliverList' => NULL,
   'authorId' => NULL,
   'isCodPackage' => false,
   'postponedDeliveryDate' => NULL,
   'businessReceiverName' => NULL,
   'businessSenderName' => 'celaveofficial ',
   'receiverAuthorizedGovRegistrationNumber' => NULL,
   'senderAuthorizedGovRegistrationNumber' => NULL,
   'pickupDate' => NULL,
   'deliveryCodDate' => NULL,
   'codBarcode' => '231004115449',
   'codBarcodeImage' => 'https://elasticbeanstalk-eu-central-1-640066223797.s3-accelerate.amazonaws.com/barcodes/231004115449.png',
   'fromAddress' => NULL,
   'toAddress' => NULL,
   'numberOfDaysFromPickupUntilNow' => NULL,
   'receiverName' => 'ايه',
   'senderName' => 'حسام بسيسو2',
   'driverName' => NULL,
   'hubName' => NULL,
   'driverNotes' => NULL,
   'hubId' => 0,
   'parcelTypeId' => NULL,
   'invoiceNumber' => NULL,
   'label' => NULL,
   'massCodPackageId' => NULL,
   'senderCity' => NULL,
   'senderVillage' => NULL,
   'receiverCity' => NULL,
   'timeSpanFromPickupToSort' => 0,
   'sortDate' => NULL,
   'customerBusinessName' => NULL,
   'customerRegistrationNumber' => NULL,
   'customerLogo' => NULL,
   'bankTransferId' => NULL,
   'destinationVillage' => NULL,
   'destinationAddressLine1' => NULL,
   'returnedPackageLocation' => NULL,
   'isShowSenderAddressInReport' => false,
   'isCustomerShowSenderNameInReport' => false,
   'supplierInvoice' => NULL,
   'destinationRegion' => NULL,
   'destinationCity' => NULL,
   'isFailed' => false,
   'failuresNumber' => 0,
   'isFailureResolved' => false,
   'partnerId' => NULL,
   'partnerPackageId' => NULL,
   'partnerName' => NULL,
   'isTransferred' => false,
   'partnerPackageCost' => 0.0,
   'customerStatusType' => NULL,
   'historyDate' => NULL,
   'driverId' => NULL,
   'receiverCustomerId' => NULL,
   'statusCode' => NULL,
   'isDraft' => false,
   'codStatus' => NULL,
   'originCity' => NULL,
   'originAddressLine1' => NULL,
   'driverPackageStatus' => NULL,
   'isAttachmentExist' => false,
   'isSignatureExist' => false,
   'isReceiverPayCost' => false,
   'subBundles' => NULL,
   'orderId' => NULL,
   'firstPickupDate' => NULL,
   'delayedDurationSincePickup' => NULL,
   'delayedDurationSinceCreated' => NULL,
   'draftPackageImageUrl' => NULL,
   'isDraftPackageWithoutReceiverInfo' => false,
   'driverEarning' => 0.0,
   'isDeliverToReceivingPoint' => false,
   'currency' => NULL,
   'interest' => 0.0,
   'destinationRegionId' => NULL,
   'serviceTypeId' => NULL,
   'serviceTypeName' => NULL,
   'vehicleTypeId' => NULL,
   'vehicleTypeName' => NULL,
   'returnDate' => NULL,
   'delayedDuration' => NULL,
   'location' => NULL,
   'codDriverName' => NULL,
   'codHubName' => NULL,
   'iban' => NULL,
   'expectedPickupDate' => NULL,
   'paidAmount' => 0.0,
   'assignToDriverDate' => NULL,
   'packageContent' => NULL,
   'deliveredByDriver' => NULL,
   'packageContents' => NULL,
   'driverLocation' => NULL,
   'deliveryLocation' => NULL,
   'authorName' => NULL,
   'customerAuthorId' => 53277,
   'isFingerprintRequired' => false,
   'accountReferenceNumber' => NULL,
   'msisdn' => NULL,
   'simNumber' => NULL,
   'paymentType' => NULL,
   'isSubBundle' => false,
   'customerAccountManagerPhone' => NULL,
   'verificationStatus' => NULL,
   'driverPhone' => NULL,
   'invoiceNumberBarcodeImage' => NULL,
   'codFees' => 0.0,
   'partnerType' => NULL,
   'containerNumber' => NULL,
   'lclPaymentStatus' => NULL,
   'toBePaid' => 0.0,
   'suppliers' => NULL,
   'containerSize' => NULL,
   'integrationSource' => NULL,
   'integrationDestination' => NULL,
   'isReturnedPackageConfirmedByCustomer' => false,
   'returnConfirmDate' => NULL,
   'exportDate' => NULL,
   'isNeedCooling' => false,
   'isNeedMeasurement' => false,
   'isNeedPreview' => false,
   'isDestructible' => false,
   'lastStatusDate' => NULL,
   'destinationHubId' => NULL,
   'receiverAddressBookId' => 7429733,
   'commissionFee' => 0.0,
   'returnsNum' => 0,
   'deliveriesNum' => 0.0,
   'failedReason' => NULL,
   'isPartiallyDelivered' => false,
   'bundleId' => NULL,
   'isBundle' => false,
   'billingAddressId' => NULL,
   'billingAddress' => NULL,
   'signatureImage' => NULL,
   'partnerPackageStatus' => NULL,
   'returnedPartnerPackageLocation' => NULL,
   'packageItems' => NULL,
   'devices' => NULL,
   'customerOptionalNumber' => NULL,
   'receiverVillage' => NULL,
   'codPackageId' => NULL,
   'email' => NULL,
   'password' => NULL,
   'dateBeforeReceiveCod' => NULL,
   'dateBeforePickUp' => NULL,
   'payerName' => NULL,
   'payerPhone' => NULL,
   'additionalCost' => 0.0,
   'percentageFee' => 0.0,
   'customerNotes' => NULL,
   'adminNotes' => NULL,
   'isAdminNotesAdded' => false,
   'toPayToReceiver' => NULL,
   'toCollectFromReceiver' => NULL,
   'codMismatchId' => NULL,
   'hubCost' => 0.0,
   'salesChannel' => NULL,
   'serviceTypeColor' => NULL,
   'receivedBy' => NULL,
   'fromHub' => NULL,
   'toHub' => NULL,
   'trip' => 
  stdClass::__set_state(array(
     'createdDate' => NULL,
     'id' => NULL,
     'companyId' => NULL,
     'tripNumber' => NULL,
     'mainTripCapacity' => 0.0,
     'citiiesTripsTimeSchedules' => NULL,
  )),
   'tripNumber' => NULL,
   'fromHubName' => NULL,
   'toHubName' => NULL,
   'fullCreaterName' => NULL,
   'returnReceiveDate' => NULL,
   'attachmentsUrlList' => NULL,
   'pickupType' => NULL,
   'isReturnedPackageCanBeConfirmed' => NULL,
   'isPreventMeasuring' => false,
   'customerType' => NULL,
   'qrCode' => 'https://elasticbeanstalk-eu-central-1-640066223797.s3-accelerate.amazonaws.com/barcodes/131004115442_1696430869893.png',
   'originalBusinessSenderName' => NULL,
   'isSenderPayCost' => false,
   'isToFinalDestination' => false,
   'codCustodyOnUserId' => NULL,
   'fulfillmentOrderId' => NULL,
   'insuranceFee' => 0.0,
   'additionalCodFee' => 0.0,
   'isInsured' => false,
   'bundleStatus' => NULL,
   'awbUrl' => NULL,
   'attachmentsCount' => 0,
   'permenantPartnerPackageId' => NULL,
   'parcelType' => NULL,
   'volumetricWeight' => 0.0,
   'fullReceiverName' => 'ايه',
   'fullSenderName' => 'حسام بسيسو2',
   'isCustomerTelecom' => false,
   'isPickedBefore' => false,
   'deliveryRouteAsJson' => '{"nodes":[{"name":"Pending","arabicName":"طلب جديد","deliveryDate":"Oct 04, 2023, 02:47:49 PM","isArrived":true}]}',
))
 ================ 
stdClass::__set_state(array(
   'createdDate' => NULL,
   'id' => 12277282,
   'companyId' => 15,
   'customerId' => 53277,
   'description' => NULL,
   'weight' => 0.0,
   'quantity' => 1,
   'width' => 0.0,
   'length' => 0.0,
   'height' => 0.0,
   'cost' => 25.0,
   'type' => NULL,
   'requestDate' => NULL,
   'deliveryDate' => NULL,
   'expectedDeliveryDate' => '2023-10-07',
   'barcode' => '131005031918',
   'barcodeImage' => 'https://elasticbeanstalk-eu-central-1-640066223797.s3-accelerate.amazonaws.com/barcodes/131005031918.png',
   'thirdPartyTrackingNo' => NULL,
   'thirdPartyBarcode' => NULL,
   'thirdPartyBarcodeImage' => NULL,
   'thirdPartyServiceId' => NULL,
   'isInternationalShipping' => false,
   'originAddressId' => 18376694,
   'destinationAddressId' => 18376695,
   'originVillageId' => 595,
   'customer' => NULL,
   'originAddress' => 
  stdClass::__set_state(array(
     'createdDate' => NULL,
     'id' => NULL,
     'companyId' => NULL,
     'addressLine1' => 'الفارعة',
     'addressLine2' => NULL,
     'city' => NULL,
     'cityId' => 10,
     'country' => NULL,
     'village' => NULL,
     'villageId' => 595,
     'region' => NULL,
     'regionId' => 1,
     'street' => NULL,
     'zipCode' => NULL,
     'latitude' => 0.0,
     'longitude' => 0.0,
     'locationAccuracy' => 0.0,
     'notes' => NULL,
     'buildingNo' => NULL,
     'buildingName' => NULL,
     'floorNo' => NULL,
     'doorNo' => NULL,
     'arabicRegionName' => NULL,
     'arabicCityName' => NULL,
     'arabicVillageName' => NULL,
     'words' => NULL,
  )),
   'destinationAddress' => 
  stdClass::__set_state(array(
     'createdDate' => NULL,
     'id' => NULL,
     'companyId' => NULL,
     'addressLine1' => 'شعفاط, شارع الفرابي رقم الدار ٧',
     'addressLine2' => NULL,
     'city' => NULL,
     'cityId' => 3,
     'country' => NULL,
     'village' => NULL,
     'villageId' => 588,
     'region' => NULL,
     'regionId' => 2,
     'street' => NULL,
     'zipCode' => NULL,
     'latitude' => 0.0,
     'longitude' => 0.0,
     'locationAccuracy' => 0.0,
     'notes' => NULL,
     'buildingNo' => NULL,
     'buildingName' => NULL,
     'floorNo' => NULL,
     'doorNo' => NULL,
     'arabicRegionName' => NULL,
     'arabicCityName' => NULL,
     'arabicVillageName' => NULL,
     'words' => NULL,
  )),
   'flagToManagement' => false,
   'products' => NULL,
   'driver' => NULL,
   'rate' => 0.0,
   'paymentStatus' => false,
   'isShippingPlan' => NULL,
   'cod' => 155.0,
   'originalCod' => 155.0,
   'serviceType' => 'STANDARD',
   'shipmentType' => 'COD',
   'shipmentTypeString' => NULL,
   'senderFirstName' => 'حسام بسيسو2',
   'senderMiddleName' => NULL,
   'senderLastName' => '',
   'senderEmail' => 'togo2@gobox.ps',
   'senderPhone' => '0594328339',
   'senderPhone2' => NULL,
   'receiverFirstName' => 'روزين ابو ساره',
   'receiverMiddleName' => NULL,
   'receiverLastName' => '',
   'receiverEmail' => NULL,
   'receiverPhone' => '0528680922',
   'receiverPhone2' => '',
   'productsNo' => 0,
   'status' => 'APPROVED_BY_CUSTOMER_CARE_AND_WAITING_FOR_DISPATCHER',
   'completedStatus' => NULL,
   'customerName' => NULL,
   'nextDestination' => 'Jerusalem',
   'notes' => '',
   'isInsurance' => false,
   'isFragile' => false,
   'isPreventOpen' => false,
   'isflammable' => false,
   'isHazardousMaterial' => false,
   'isAnimalOrPit' => false,
   'isNeedPackaging' => false,
   'isCodChanged' => false,
   'isCostChanged' => false,
   'codChangeRequest' => NULL,
   'deliveryRoute' => 
  array (
    0 => 
    stdClass::__set_state(array(
       'name' => 'Pending',
       'arabicName' => 'طلب جديد',
       'deliveryDate' => '2023-10-05T07:00:47.553+0000',
       'type' => NULL,
       'typeKey' => NULL,
       'userName' => NULL,
       'isArrived' => true,
    )),
  ),
   'packageItemsToDeliver' => NULL,
   'packageItemsToDeliverList' => NULL,
   'authorId' => NULL,
   'isCodPackage' => false,
   'postponedDeliveryDate' => NULL,
   'businessReceiverName' => NULL,
   'businessSenderName' => 'Shahed Shop',
   'receiverAuthorizedGovRegistrationNumber' => NULL,
   'senderAuthorizedGovRegistrationNumber' => NULL,
   'pickupDate' => NULL,
   'deliveryCodDate' => NULL,
   'codBarcode' => '231005031915',
   'codBarcodeImage' => 'https://elasticbeanstalk-eu-central-1-640066223797.s3-accelerate.amazonaws.com/barcodes/231005031915.png',
   'fromAddress' => NULL,
   'toAddress' => NULL,
   'numberOfDaysFromPickupUntilNow' => NULL,
   'receiverName' => 'روزين ابو ساره',
   'senderName' => 'حسام بسيسو2',
   'driverName' => NULL,
   'hubName' => NULL,
   'driverNotes' => NULL,
   'hubId' => 0,
   'parcelTypeId' => NULL,
   'invoiceNumber' => NULL,
   'label' => NULL,
   'massCodPackageId' => NULL,
   'senderCity' => NULL,
   'senderVillage' => NULL,
   'receiverCity' => NULL,
   'timeSpanFromPickupToSort' => 0,
   'sortDate' => NULL,
   'customerBusinessName' => NULL,
   'customerRegistrationNumber' => NULL,
   'customerLogo' => NULL,
   'bankTransferId' => NULL,
   'destinationVillage' => NULL,
   'destinationAddressLine1' => NULL,
   'returnedPackageLocation' => NULL,
   'isShowSenderAddressInReport' => false,
   'isCustomerShowSenderNameInReport' => false,
   'supplierInvoice' => NULL,
   'destinationRegion' => NULL,
   'destinationCity' => NULL,
   'isFailed' => false,
   'failuresNumber' => 0,
   'isFailureResolved' => false,
   'partnerId' => NULL,
   'partnerPackageId' => NULL,
   'partnerName' => NULL,
   'isTransferred' => false,
   'partnerPackageCost' => 0.0,
   'customerStatusType' => NULL,
   'historyDate' => NULL,
   'driverId' => NULL,
   'receiverCustomerId' => NULL,
   'statusCode' => NULL,
   'isDraft' => false,
   'codStatus' => NULL,
   'originCity' => NULL,
   'originAddressLine1' => NULL,
   'driverPackageStatus' => NULL,
   'isAttachmentExist' => false,
   'isSignatureExist' => false,
   'isReceiverPayCost' => false,
   'subBundles' => NULL,
   'orderId' => NULL,
   'firstPickupDate' => NULL,
   'delayedDurationSincePickup' => NULL,
   'delayedDurationSinceCreated' => NULL,
   'draftPackageImageUrl' => NULL,
   'isDraftPackageWithoutReceiverInfo' => false,
   'driverEarning' => 0.0,
   'isDeliverToReceivingPoint' => false,
   'currency' => NULL,
   'interest' => 0.0,
   'destinationRegionId' => NULL,
   'serviceTypeId' => NULL,
   'serviceTypeName' => NULL,
   'vehicleTypeId' => NULL,
   'vehicleTypeName' => NULL,
   'returnDate' => NULL,
   'delayedDuration' => NULL,
   'location' => NULL,
   'codDriverName' => NULL,
   'codHubName' => NULL,
   'iban' => NULL,
   'expectedPickupDate' => NULL,
   'paidAmount' => 0.0,
   'assignToDriverDate' => NULL,
   'packageContent' => NULL,
   'deliveredByDriver' => NULL,
   'packageContents' => NULL,
   'driverLocation' => NULL,
   'deliveryLocation' => NULL,
   'authorName' => NULL,
   'customerAuthorId' => 53277,
   'isFingerprintRequired' => false,
   'accountReferenceNumber' => NULL,
   'msisdn' => NULL,
   'simNumber' => NULL,
   'paymentType' => NULL,
   'isSubBundle' => false,
   'customerAccountManagerPhone' => NULL,
   'verificationStatus' => NULL,
   'driverPhone' => NULL,
   'invoiceNumberBarcodeImage' => NULL,
   'codFees' => 0.0,
   'partnerType' => NULL,
   'containerNumber' => NULL,
   'lclPaymentStatus' => NULL,
   'toBePaid' => 0.0,
   'suppliers' => NULL,
   'containerSize' => NULL,
   'integrationSource' => NULL,
   'integrationDestination' => NULL,
   'isReturnedPackageConfirmedByCustomer' => false,
   'returnConfirmDate' => NULL,
   'exportDate' => NULL,
   'isNeedCooling' => false,
   'isNeedMeasurement' => false,
   'isNeedPreview' => false,
   'isDestructible' => false,
   'lastStatusDate' => NULL,
   'destinationHubId' => NULL,
   'receiverAddressBookId' => 7440740,
   'commissionFee' => 0.0,
   'returnsNum' => 0,
   'deliveriesNum' => 0.0,
   'failedReason' => NULL,
   'isPartiallyDelivered' => false,
   'bundleId' => NULL,
   'isBundle' => false,
   'billingAddressId' => NULL,
   'billingAddress' => NULL,
   'signatureImage' => NULL,
   'partnerPackageStatus' => NULL,
   'returnedPartnerPackageLocation' => NULL,
   'packageItems' => NULL,
   'devices' => NULL,
   'customerOptionalNumber' => NULL,
   'receiverVillage' => NULL,
   'codPackageId' => NULL,
   'email' => NULL,
   'password' => NULL,
   'dateBeforeReceiveCod' => NULL,
   'dateBeforePickUp' => NULL,
   'payerName' => NULL,
   'payerPhone' => NULL,
   'additionalCost' => 0.0,
   'percentageFee' => 0.0,
   'customerNotes' => NULL,
   'adminNotes' => NULL,
   'isAdminNotesAdded' => false,
   'toPayToReceiver' => NULL,
   'toCollectFromReceiver' => NULL,
   'codMismatchId' => NULL,
   'hubCost' => 0.0,
   'salesChannel' => NULL,
   'serviceTypeColor' => NULL,
   'receivedBy' => NULL,
   'fromHub' => NULL,
   'toHub' => NULL,
   'trip' => 
  stdClass::__set_state(array(
     'createdDate' => NULL,
     'id' => NULL,
     'companyId' => NULL,
     'tripNumber' => NULL,
     'mainTripCapacity' => 0.0,
     'citiiesTripsTimeSchedules' => NULL,
  )),
   'tripNumber' => NULL,
   'fromHubName' => NULL,
   'toHubName' => NULL,
   'fullCreaterName' => NULL,
   'returnReceiveDate' => NULL,
   'attachmentsUrlList' => NULL,
   'pickupType' => NULL,
   'isReturnedPackageCanBeConfirmed' => NULL,
   'isPreventMeasuring' => false,
   'customerType' => NULL,
   'qrCode' => 'https://elasticbeanstalk-eu-central-1-640066223797.s3-accelerate.amazonaws.com/barcodes/131005031918_1696489248324.png',
   'originalBusinessSenderName' => NULL,
   'isSenderPayCost' => false,
   'isToFinalDestination' => false,
   'codCustodyOnUserId' => NULL,
   'fulfillmentOrderId' => NULL,
   'insuranceFee' => 0.0,
   'additionalCodFee' => 0.0,
   'isInsured' => false,
   'bundleStatus' => NULL,
   'awbUrl' => NULL,
   'attachmentsCount' => 0,
   'permenantPartnerPackageId' => NULL,
   'parcelType' => NULL,
   'volumetricWeight' => 0.0,
   'fullReceiverName' => 'روزين ابو ساره',
   'fullSenderName' => 'حسام بسيسو2',
   'isCustomerTelecom' => false,
   'isPickedBefore' => false,
   'deliveryRouteAsJson' => '{"nodes":[{"name":"Pending","arabicName":"طلب جديد","deliveryDate":"Oct 05, 2023, 07:00:47 AM","isArrived":true}]}',
))
 ================ 
stdClass::__set_state(array(
   'createdDate' => NULL,
   'id' => 12399019,
   'companyId' => 151,
   'customerId' => 54110,
   'description' => NULL,
   'weight' => 0.0,
   'quantity' => 1,
   'width' => 0.0,
   'length' => 0.0,
   'height' => 0.0,
   'cost' => 20.0,
   'type' => NULL,
   'requestDate' => NULL,
   'deliveryDate' => NULL,
   'expectedDeliveryDate' => '2023-10-13',
   'barcode' => '131011026595',
   'barcodeImage' => 'https://elasticbeanstalk-eu-central-1-640066223797.s3-accelerate.amazonaws.com/barcodes/131011026595.png',
   'thirdPartyTrackingNo' => NULL,
   'thirdPartyBarcode' => NULL,
   'thirdPartyBarcodeImage' => NULL,
   'thirdPartyServiceId' => NULL,
   'isInternationalShipping' => false,
   'originAddressId' => 18545851,
   'destinationAddressId' => 18545852,
   'originVillageId' => 590,
   'customer' => NULL,
   'originAddress' => 
  stdClass::__set_state(array(
     'createdDate' => NULL,
     'id' => NULL,
     'companyId' => NULL,
     'addressLine1' => '101 address',
     'addressLine2' => NULL,
     'city' => NULL,
     'cityId' => 5,
     'country' => NULL,
     'village' => NULL,
     'villageId' => 590,
     'region' => NULL,
     'regionId' => 1,
     'street' => NULL,
     'zipCode' => NULL,
     'latitude' => 0.0,
     'longitude' => 0.0,
     'locationAccuracy' => 0.0,
     'notes' => NULL,
     'buildingNo' => NULL,
     'buildingName' => NULL,
     'floorNo' => NULL,
     'doorNo' => NULL,
     'arabicRegionName' => NULL,
     'arabicCityName' => NULL,
     'arabicVillageName' => NULL,
     'words' => NULL,
  )),
   'destinationAddress' => 
  stdClass::__set_state(array(
     'createdDate' => NULL,
     'id' => NULL,
     'companyId' => NULL,
     'addressLine1' => 'test 4 details',
     'addressLine2' => NULL,
     'city' => NULL,
     'cityId' => 5,
     'country' => NULL,
     'village' => NULL,
     'villageId' => 590,
     'region' => NULL,
     'regionId' => 1,
     'street' => NULL,
     'zipCode' => NULL,
     'latitude' => 0.0,
     'longitude' => 0.0,
     'locationAccuracy' => 0.0,
     'notes' => NULL,
     'buildingNo' => NULL,
     'buildingName' => NULL,
     'floorNo' => NULL,
     'doorNo' => NULL,
     'arabicRegionName' => NULL,
     'arabicCityName' => NULL,
     'arabicVillageName' => NULL,
     'words' => NULL,
  )),
   'flagToManagement' => false,
   'products' => NULL,
   'driver' => NULL,
   'rate' => 0.0,
   'paymentStatus' => false,
   'isShippingPlan' => NULL,
   'cod' => 1.0,
   'originalCod' => 1.0,
   'serviceType' => 'STANDARD',
   'shipmentType' => 'COD',
   'shipmentTypeString' => NULL,
   'senderFirstName' => 'حسام بسيسو',
   'senderMiddleName' => NULL,
   'senderLastName' => '',
   'senderEmail' => 'hussam@phoenix.ps',
   'senderPhone' => '0592325932',
   'senderPhone2' => NULL,
   'receiverFirstName' => 'test 4',
   'receiverMiddleName' => NULL,
   'receiverLastName' => '',
   'receiverEmail' => NULL,
   'receiverPhone' => '0567845655',
   'receiverPhone2' => '',
   'productsNo' => 0,
   'status' => 'PENDING_CUSTOMER_CARE_APPROVAL',
   'completedStatus' => NULL,
   'customerName' => NULL,
   'nextDestination' => 'Ramallah and Al-Bireh',
   'notes' => '',
   'isInsurance' => false,
   'isFragile' => false,
   'isPreventOpen' => false,
   'isflammable' => false,
   'isHazardousMaterial' => false,
   'isAnimalOrPit' => false,
   'isNeedPackaging' => false,
   'isCodChanged' => false,
   'isCostChanged' => false,
   'codChangeRequest' => NULL,
   'deliveryRoute' => 
  array (
    0 => 
    stdClass::__set_state(array(
       'name' => 'Pending',
       'arabicName' => 'طلب جديد',
       'deliveryDate' => '2023-10-11T08:53:29.918+0000',
       'type' => NULL,
       'typeKey' => NULL,
       'userName' => NULL,
       'isArrived' => true,
    )),
  ),
   'packageItemsToDeliver' => NULL,
   'packageItemsToDeliverList' => NULL,
   'authorId' => NULL,
   'isCodPackage' => false,
   'postponedDeliveryDate' => NULL,
   'businessReceiverName' => NULL,
   'businessSenderName' => '101 name',
   'receiverAuthorizedGovRegistrationNumber' => NULL,
   'senderAuthorizedGovRegistrationNumber' => NULL,
   'pickupDate' => NULL,
   'deliveryCodDate' => NULL,
   'codBarcode' => '231011026592',
   'codBarcodeImage' => 'https://elasticbeanstalk-eu-central-1-640066223797.s3-accelerate.amazonaws.com/barcodes/231011026592.png',
   'fromAddress' => NULL,
   'toAddress' => NULL,
   'numberOfDaysFromPickupUntilNow' => NULL,
   'receiverName' => 'test 4',
   'senderName' => 'حسام بسيسو',
   'driverName' => NULL,
   'hubName' => NULL,
   'driverNotes' => NULL,
   'hubId' => 0,
   'parcelTypeId' => NULL,
   'invoiceNumber' => NULL,
   'label' => NULL,
   'massCodPackageId' => NULL,
   'senderCity' => NULL,
   'senderVillage' => NULL,
   'receiverCity' => NULL,
   'timeSpanFromPickupToSort' => 0,
   'sortDate' => NULL,
   'customerBusinessName' => NULL,
   'customerRegistrationNumber' => NULL,
   'customerLogo' => NULL,
   'bankTransferId' => NULL,
   'destinationVillage' => NULL,
   'destinationAddressLine1' => NULL,
   'returnedPackageLocation' => NULL,
   'isShowSenderAddressInReport' => false,
   'isCustomerShowSenderNameInReport' => false,
   'supplierInvoice' => NULL,
   'destinationRegion' => NULL,
   'destinationCity' => NULL,
   'isFailed' => false,
   'failuresNumber' => 0,
   'isFailureResolved' => false,
   'partnerId' => NULL,
   'partnerPackageId' => NULL,
   'partnerName' => NULL,
   'isTransferred' => false,
   'partnerPackageCost' => 0.0,
   'customerStatusType' => NULL,
   'historyDate' => NULL,
   'driverId' => NULL,
   'receiverCustomerId' => NULL,
   'statusCode' => NULL,
   'isDraft' => false,
   'codStatus' => NULL,
   'originCity' => NULL,
   'originAddressLine1' => NULL,
   'driverPackageStatus' => NULL,
   'isAttachmentExist' => false,
   'isSignatureExist' => false,
   'isReceiverPayCost' => false,
   'subBundles' => NULL,
   'orderId' => NULL,
   'firstPickupDate' => NULL,
   'delayedDurationSincePickup' => NULL,
   'delayedDurationSinceCreated' => NULL,
   'draftPackageImageUrl' => NULL,
   'isDraftPackageWithoutReceiverInfo' => false,
   'driverEarning' => 0.0,
   'isDeliverToReceivingPoint' => false,
   'currency' => NULL,
   'interest' => 0.0,
   'destinationRegionId' => NULL,
   'serviceTypeId' => NULL,
   'serviceTypeName' => NULL,
   'vehicleTypeId' => NULL,
   'vehicleTypeName' => NULL,
   'returnDate' => NULL,
   'delayedDuration' => NULL,
   'location' => NULL,
   'codDriverName' => NULL,
   'codHubName' => NULL,
   'iban' => NULL,
   'expectedPickupDate' => NULL,
   'paidAmount' => 0.0,
   'assignToDriverDate' => NULL,
   'packageContent' => NULL,
   'deliveredByDriver' => NULL,
   'packageContents' => NULL,
   'driverLocation' => NULL,
   'deliveryLocation' => NULL,
   'authorName' => NULL,
   'customerAuthorId' => 54110,
   'isFingerprintRequired' => false,
   'accountReferenceNumber' => NULL,
   'msisdn' => NULL,
   'simNumber' => NULL,
   'paymentType' => NULL,
   'isSubBundle' => false,
   'customerAccountManagerPhone' => NULL,
   'verificationStatus' => NULL,
   'driverPhone' => NULL,
   'invoiceNumberBarcodeImage' => NULL,
   'codFees' => 0.0,
   'partnerType' => NULL,
   'containerNumber' => NULL,
   'lclPaymentStatus' => NULL,
   'toBePaid' => 0.0,
   'suppliers' => NULL,
   'containerSize' => NULL,
   'integrationSource' => NULL,
   'integrationDestination' => NULL,
   'isReturnedPackageConfirmedByCustomer' => false,
   'returnConfirmDate' => NULL,
   'exportDate' => NULL,
   'isNeedCooling' => false,
   'isNeedMeasurement' => false,
   'isNeedPreview' => false,
   'isDestructible' => false,
   'lastStatusDate' => NULL,
   'destinationHubId' => NULL,
   'receiverAddressBookId' => 7510066,
   'commissionFee' => 0.0,
   'returnsNum' => 0,
   'deliveriesNum' => 0.0,
   'failedReason' => NULL,
   'isPartiallyDelivered' => false,
   'bundleId' => NULL,
   'isBundle' => false,
   'billingAddressId' => NULL,
   'billingAddress' => NULL,
   'signatureImage' => NULL,
   'partnerPackageStatus' => NULL,
   'returnedPartnerPackageLocation' => NULL,
   'packageItems' => NULL,
   'devices' => NULL,
   'customerOptionalNumber' => NULL,
   'receiverVillage' => NULL,
   'codPackageId' => NULL,
   'email' => NULL,
   'password' => NULL,
   'dateBeforeReceiveCod' => NULL,
   'dateBeforePickUp' => NULL,
   'payerName' => NULL,
   'payerPhone' => NULL,
   'additionalCost' => 0.0,
   'percentageFee' => 0.0,
   'customerNotes' => NULL,
   'adminNotes' => NULL,
   'isAdminNotesAdded' => false,
   'toPayToReceiver' => NULL,
   'toCollectFromReceiver' => NULL,
   'codMismatchId' => NULL,
   'hubCost' => 0.0,
   'salesChannel' => NULL,
   'serviceTypeColor' => NULL,
   'receivedBy' => NULL,
   'fromHub' => NULL,
   'toHub' => NULL,
   'trip' => 
  stdClass::__set_state(array(
     'createdDate' => NULL,
     'id' => NULL,
     'companyId' => NULL,
     'tripNumber' => NULL,
     'mainTripCapacity' => 0.0,
     'citiiesTripsTimeSchedules' => NULL,
  )),
   'tripNumber' => NULL,
   'fromHubName' => NULL,
   'toHubName' => NULL,
   'fullCreaterName' => NULL,
   'returnReceiveDate' => NULL,
   'attachmentsUrlList' => NULL,
   'pickupType' => NULL,
   'isReturnedPackageCanBeConfirmed' => NULL,
   'isPreventMeasuring' => false,
   'customerType' => NULL,
   'qrCode' => 'https://elasticbeanstalk-eu-central-1-640066223797.s3-accelerate.amazonaws.com/barcodes/131011026595_1697014410716.png',
   'originalBusinessSenderName' => NULL,
   'isSenderPayCost' => false,
   'isToFinalDestination' => false,
   'codCustodyOnUserId' => NULL,
   'fulfillmentOrderId' => NULL,
   'insuranceFee' => 0.0,
   'additionalCodFee' => 0.0,
   'isInsured' => false,
   'bundleStatus' => NULL,
   'awbUrl' => NULL,
   'attachmentsCount' => 0,
   'permenantPartnerPackageId' => NULL,
   'parcelType' => NULL,
   'volumetricWeight' => 0.0,
   'fullReceiverName' => 'test 4',
   'fullSenderName' => 'حسام بسيسو',
   'isCustomerTelecom' => false,
   'isPickedBefore' => false,
   'deliveryRouteAsJson' => '{"nodes":[{"name":"Pending","arabicName":"طلب جديد","deliveryDate":"Oct 11, 2023, 08:53:29 AM","isArrived":true}]}',
))
 ================ 
stdClass::__set_state(array(
   'createdDate' => NULL,
   'id' => 12418181,
   'companyId' => 151,
   'customerId' => 54110,
   'description' => NULL,
   'weight' => 0.0,
   'quantity' => 1,
   'width' => 0.0,
   'length' => 0.0,
   'height' => 0.0,
   'cost' => 20.0,
   'type' => NULL,
   'requestDate' => NULL,
   'deliveryDate' => NULL,
   'expectedDeliveryDate' => '2023-10-14',
   'barcode' => '131012045809',
   'barcodeImage' => 'https://elasticbeanstalk-eu-central-1-640066223797.s3-accelerate.amazonaws.com/barcodes/131012045809.png',
   'thirdPartyTrackingNo' => NULL,
   'thirdPartyBarcode' => NULL,
   'thirdPartyBarcodeImage' => NULL,
   'thirdPartyServiceId' => NULL,
   'isInternationalShipping' => false,
   'originAddressId' => 18575248,
   'destinationAddressId' => 18575249,
   'originVillageId' => 590,
   'customer' => NULL,
   'originAddress' => 
  stdClass::__set_state(array(
     'createdDate' => NULL,
     'id' => NULL,
     'companyId' => NULL,
     'addressLine1' => '101 address',
     'addressLine2' => NULL,
     'city' => NULL,
     'cityId' => 5,
     'country' => NULL,
     'village' => NULL,
     'villageId' => 590,
     'region' => NULL,
     'regionId' => 1,
     'street' => NULL,
     'zipCode' => NULL,
     'latitude' => 0.0,
     'longitude' => 0.0,
     'locationAccuracy' => 0.0,
     'notes' => NULL,
     'buildingNo' => NULL,
     'buildingName' => NULL,
     'floorNo' => NULL,
     'doorNo' => NULL,
     'arabicRegionName' => NULL,
     'arabicCityName' => NULL,
     'arabicVillageName' => NULL,
     'words' => NULL,
  )),
   'destinationAddress' => 
  stdClass::__set_state(array(
     'createdDate' => NULL,
     'id' => NULL,
     'companyId' => NULL,
     'addressLine1' => 'test 4 details',
     'addressLine2' => NULL,
     'city' => NULL,
     'cityId' => 5,
     'country' => NULL,
     'village' => NULL,
     'villageId' => 590,
     'region' => NULL,
     'regionId' => 1,
     'street' => NULL,
     'zipCode' => NULL,
     'latitude' => 0.0,
     'longitude' => 0.0,
     'locationAccuracy' => 0.0,
     'notes' => NULL,
     'buildingNo' => NULL,
     'buildingName' => NULL,
     'floorNo' => NULL,
     'doorNo' => NULL,
     'arabicRegionName' => NULL,
     'arabicCityName' => NULL,
     'arabicVillageName' => NULL,
     'words' => NULL,
  )),
   'flagToManagement' => false,
   'products' => NULL,
   'driver' => NULL,
   'rate' => 0.0,
   'paymentStatus' => false,
   'isShippingPlan' => NULL,
   'cod' => 1.0,
   'originalCod' => 1.0,
   'serviceType' => 'STANDARD',
   'shipmentType' => 'COD',
   'shipmentTypeString' => NULL,
   'senderFirstName' => 'حسام بسيسو',
   'senderMiddleName' => NULL,
   'senderLastName' => '',
   'senderEmail' => 'hussam@phoenix.ps',
   'senderPhone' => '0592325932',
   'senderPhone2' => NULL,
   'receiverFirstName' => 'test 4',
   'receiverMiddleName' => NULL,
   'receiverLastName' => '',
   'receiverEmail' => NULL,
   'receiverPhone' => '0567845655',
   'receiverPhone2' => '',
   'productsNo' => 0,
   'status' => 'PENDING_CUSTOMER_CARE_APPROVAL',
   'completedStatus' => NULL,
   'customerName' => NULL,
   'nextDestination' => 'Ramallah and Al-Bireh',
   'notes' => '',
   'isInsurance' => false,
   'isFragile' => false,
   'isPreventOpen' => false,
   'isflammable' => false,
   'isHazardousMaterial' => false,
   'isAnimalOrPit' => false,
   'isNeedPackaging' => false,
   'isCodChanged' => false,
   'isCostChanged' => false,
   'codChangeRequest' => NULL,
   'deliveryRoute' => 
  array (
    0 => 
    stdClass::__set_state(array(
       'name' => 'Pending',
       'arabicName' => 'طلب جديد',
       'deliveryDate' => '2023-10-12T11:57:22.328+0000',
       'type' => NULL,
       'typeKey' => NULL,
       'userName' => NULL,
       'isArrived' => true,
    )),
  ),
   'packageItemsToDeliver' => NULL,
   'packageItemsToDeliverList' => NULL,
   'authorId' => NULL,
   'isCodPackage' => false,
   'postponedDeliveryDate' => NULL,
   'businessReceiverName' => NULL,
   'businessSenderName' => '101 name',
   'receiverAuthorizedGovRegistrationNumber' => NULL,
   'senderAuthorizedGovRegistrationNumber' => NULL,
   'pickupDate' => NULL,
   'deliveryCodDate' => NULL,
   'codBarcode' => '231012045806',
   'codBarcodeImage' => 'https://elasticbeanstalk-eu-central-1-640066223797.s3-accelerate.amazonaws.com/barcodes/231012045806.png',
   'fromAddress' => NULL,
   'toAddress' => NULL,
   'numberOfDaysFromPickupUntilNow' => NULL,
   'receiverName' => 'test 4',
   'senderName' => 'حسام بسيسو',
   'driverName' => NULL,
   'hubName' => NULL,
   'driverNotes' => NULL,
   'hubId' => 0,
   'parcelTypeId' => NULL,
   'invoiceNumber' => NULL,
   'label' => NULL,
   'massCodPackageId' => NULL,
   'senderCity' => NULL,
   'senderVillage' => NULL,
   'receiverCity' => NULL,
   'timeSpanFromPickupToSort' => 0,
   'sortDate' => NULL,
   'customerBusinessName' => NULL,
   'customerRegistrationNumber' => NULL,
   'customerLogo' => NULL,
   'bankTransferId' => NULL,
   'destinationVillage' => NULL,
   'destinationAddressLine1' => NULL,
   'returnedPackageLocation' => NULL,
   'isShowSenderAddressInReport' => false,
   'isCustomerShowSenderNameInReport' => false,
   'supplierInvoice' => NULL,
   'destinationRegion' => NULL,
   'destinationCity' => NULL,
   'isFailed' => false,
   'failuresNumber' => 0,
   'isFailureResolved' => false,
   'partnerId' => NULL,
   'partnerPackageId' => NULL,
   'partnerName' => NULL,
   'isTransferred' => false,
   'partnerPackageCost' => 0.0,
   'customerStatusType' => NULL,
   'historyDate' => NULL,
   'driverId' => NULL,
   'receiverCustomerId' => NULL,
   'statusCode' => NULL,
   'isDraft' => false,
   'codStatus' => NULL,
   'originCity' => NULL,
   'originAddressLine1' => NULL,
   'driverPackageStatus' => NULL,
   'isAttachmentExist' => false,
   'isSignatureExist' => false,
   'isReceiverPayCost' => false,
   'subBundles' => NULL,
   'orderId' => NULL,
   'firstPickupDate' => NULL,
   'delayedDurationSincePickup' => NULL,
   'delayedDurationSinceCreated' => NULL,
   'draftPackageImageUrl' => NULL,
   'isDraftPackageWithoutReceiverInfo' => false,
   'driverEarning' => 0.0,
   'isDeliverToReceivingPoint' => false,
   'currency' => NULL,
   'interest' => 0.0,
   'destinationRegionId' => NULL,
   'serviceTypeId' => NULL,
   'serviceTypeName' => NULL,
   'vehicleTypeId' => NULL,
   'vehicleTypeName' => NULL,
   'returnDate' => NULL,
   'delayedDuration' => NULL,
   'location' => NULL,
   'codDriverName' => NULL,
   'codHubName' => NULL,
   'iban' => NULL,
   'expectedPickupDate' => NULL,
   'paidAmount' => 0.0,
   'assignToDriverDate' => NULL,
   'packageContent' => NULL,
   'deliveredByDriver' => NULL,
   'packageContents' => NULL,
   'driverLocation' => NULL,
   'deliveryLocation' => NULL,
   'authorName' => NULL,
   'customerAuthorId' => 54110,
   'isFingerprintRequired' => false,
   'accountReferenceNumber' => NULL,
   'msisdn' => NULL,
   'simNumber' => NULL,
   'paymentType' => NULL,
   'isSubBundle' => false,
   'customerAccountManagerPhone' => NULL,
   'verificationStatus' => NULL,
   'driverPhone' => NULL,
   'invoiceNumberBarcodeImage' => NULL,
   'codFees' => 0.0,
   'partnerType' => NULL,
   'containerNumber' => NULL,
   'lclPaymentStatus' => NULL,
   'toBePaid' => 0.0,
   'suppliers' => NULL,
   'containerSize' => NULL,
   'integrationSource' => NULL,
   'integrationDestination' => NULL,
   'isReturnedPackageConfirmedByCustomer' => false,
   'returnConfirmDate' => NULL,
   'exportDate' => NULL,
   'isNeedCooling' => false,
   'isNeedMeasurement' => false,
   'isNeedPreview' => false,
   'isDestructible' => false,
   'lastStatusDate' => NULL,
   'destinationHubId' => NULL,
   'receiverAddressBookId' => 7510066,
   'commissionFee' => 0.0,
   'returnsNum' => 0,
   'deliveriesNum' => 0.0,
   'failedReason' => NULL,
   'isPartiallyDelivered' => false,
   'bundleId' => NULL,
   'isBundle' => false,
   'billingAddressId' => NULL,
   'billingAddress' => NULL,
   'signatureImage' => NULL,
   'partnerPackageStatus' => NULL,
   'returnedPartnerPackageLocation' => NULL,
   'packageItems' => NULL,
   'devices' => NULL,
   'customerOptionalNumber' => NULL,
   'receiverVillage' => NULL,
   'codPackageId' => NULL,
   'email' => NULL,
   'password' => NULL,
   'dateBeforeReceiveCod' => NULL,
   'dateBeforePickUp' => NULL,
   'payerName' => NULL,
   'payerPhone' => NULL,
   'additionalCost' => 0.0,
   'percentageFee' => 0.0,
   'customerNotes' => NULL,
   'adminNotes' => NULL,
   'isAdminNotesAdded' => false,
   'toPayToReceiver' => NULL,
   'toCollectFromReceiver' => NULL,
   'codMismatchId' => NULL,
   'hubCost' => 0.0,
   'salesChannel' => NULL,
   'serviceTypeColor' => NULL,
   'receivedBy' => NULL,
   'fromHub' => NULL,
   'toHub' => NULL,
   'trip' => 
  stdClass::__set_state(array(
     'createdDate' => NULL,
     'id' => NULL,
     'companyId' => NULL,
     'tripNumber' => NULL,
     'mainTripCapacity' => 0.0,
     'citiiesTripsTimeSchedules' => NULL,
  )),
   'tripNumber' => NULL,
   'fromHubName' => NULL,
   'toHubName' => NULL,
   'fullCreaterName' => NULL,
   'returnReceiveDate' => NULL,
   'attachmentsUrlList' => NULL,
   'pickupType' => NULL,
   'isReturnedPackageCanBeConfirmed' => NULL,
   'isPreventMeasuring' => false,
   'customerType' => NULL,
   'qrCode' => 'https://elasticbeanstalk-eu-central-1-640066223797.s3-accelerate.amazonaws.com/barcodes/131012045809_1697111844460.png',
   'originalBusinessSenderName' => NULL,
   'isSenderPayCost' => false,
   'isToFinalDestination' => false,
   'codCustodyOnUserId' => NULL,
   'fulfillmentOrderId' => NULL,
   'insuranceFee' => 0.0,
   'additionalCodFee' => 0.0,
   'isInsured' => false,
   'bundleStatus' => NULL,
   'awbUrl' => NULL,
   'attachmentsCount' => 0,
   'permenantPartnerPackageId' => NULL,
   'parcelType' => NULL,
   'volumetricWeight' => 0.0,
   'fullReceiverName' => 'test 4',
   'fullSenderName' => 'حسام بسيسو',
   'isCustomerTelecom' => false,
   'isPickedBefore' => false,
   'deliveryRouteAsJson' => '{"nodes":[{"name":"Pending","arabicName":"طلب جديد","deliveryDate":"Oct 12, 2023, 11:57:22 AM","isArrived":true}]}',
))
 ================ 
stdClass::__set_state(array(
   'createdDate' => NULL,
   'id' => 12418382,
   'companyId' => 151,
   'customerId' => 54110,
   'description' => NULL,
   'weight' => 0.0,
   'quantity' => 1,
   'width' => 0.0,
   'length' => 0.0,
   'height' => 0.0,
   'cost' => 20.0,
   'type' => NULL,
   'requestDate' => NULL,
   'deliveryDate' => NULL,
   'expectedDeliveryDate' => '2023-10-14',
   'barcode' => '131012047643',
   'barcodeImage' => 'https://elasticbeanstalk-eu-central-1-640066223797.s3-accelerate.amazonaws.com/barcodes/131012047643.png',
   'thirdPartyTrackingNo' => NULL,
   'thirdPartyBarcode' => NULL,
   'thirdPartyBarcodeImage' => NULL,
   'thirdPartyServiceId' => NULL,
   'isInternationalShipping' => false,
   'originAddressId' => 18575623,
   'destinationAddressId' => 18575624,
   'originVillageId' => 590,
   'customer' => NULL,
   'originAddress' => 
  stdClass::__set_state(array(
     'createdDate' => NULL,
     'id' => NULL,
     'companyId' => NULL,
     'addressLine1' => '101 address',
     'addressLine2' => NULL,
     'city' => NULL,
     'cityId' => 5,
     'country' => NULL,
     'village' => NULL,
     'villageId' => 590,
     'region' => NULL,
     'regionId' => 1,
     'street' => NULL,
     'zipCode' => NULL,
     'latitude' => 0.0,
     'longitude' => 0.0,
     'locationAccuracy' => 0.0,
     'notes' => NULL,
     'buildingNo' => NULL,
     'buildingName' => NULL,
     'floorNo' => NULL,
     'doorNo' => NULL,
     'arabicRegionName' => NULL,
     'arabicCityName' => NULL,
     'arabicVillageName' => NULL,
     'words' => NULL,
  )),
   'destinationAddress' => 
  stdClass::__set_state(array(
     'createdDate' => NULL,
     'id' => NULL,
     'companyId' => NULL,
     'addressLine1' => 'test 4 details',
     'addressLine2' => NULL,
     'city' => NULL,
     'cityId' => 5,
     'country' => NULL,
     'village' => NULL,
     'villageId' => 590,
     'region' => NULL,
     'regionId' => 1,
     'street' => NULL,
     'zipCode' => NULL,
     'latitude' => 0.0,
     'longitude' => 0.0,
     'locationAccuracy' => 0.0,
     'notes' => NULL,
     'buildingNo' => NULL,
     'buildingName' => NULL,
     'floorNo' => NULL,
     'doorNo' => NULL,
     'arabicRegionName' => NULL,
     'arabicCityName' => NULL,
     'arabicVillageName' => NULL,
     'words' => NULL,
  )),
   'flagToManagement' => false,
   'products' => NULL,
   'driver' => NULL,
   'rate' => 0.0,
   'paymentStatus' => false,
   'isShippingPlan' => NULL,
   'cod' => 1.0,
   'originalCod' => 1.0,
   'serviceType' => 'STANDARD',
   'shipmentType' => 'COD',
   'shipmentTypeString' => NULL,
   'senderFirstName' => 'حسام بسيسو',
   'senderMiddleName' => NULL,
   'senderLastName' => '',
   'senderEmail' => 'hussam@phoenix.ps',
   'senderPhone' => '0592325932',
   'senderPhone2' => NULL,
   'receiverFirstName' => 'test 4',
   'receiverMiddleName' => NULL,
   'receiverLastName' => '',
   'receiverEmail' => NULL,
   'receiverPhone' => '0567845655',
   'receiverPhone2' => '',
   'productsNo' => 0,
   'status' => 'PENDING_CUSTOMER_CARE_APPROVAL',
   'completedStatus' => NULL,
   'customerName' => NULL,
   'nextDestination' => 'Ramallah and Al-Bireh',
   'notes' => '',
   'isInsurance' => false,
   'isFragile' => false,
   'isPreventOpen' => false,
   'isflammable' => false,
   'isHazardousMaterial' => false,
   'isAnimalOrPit' => false,
   'isNeedPackaging' => false,
   'isCodChanged' => false,
   'isCostChanged' => false,
   'codChangeRequest' => NULL,
   'deliveryRoute' => 
  array (
    0 => 
    stdClass::__set_state(array(
       'name' => 'Pending',
       'arabicName' => 'طلب جديد',
       'deliveryDate' => '2023-10-12T12:33:38.923+0000',
       'type' => NULL,
       'typeKey' => NULL,
       'userName' => NULL,
       'isArrived' => true,
    )),
  ),
   'packageItemsToDeliver' => NULL,
   'packageItemsToDeliverList' => NULL,
   'authorId' => NULL,
   'isCodPackage' => false,
   'postponedDeliveryDate' => NULL,
   'businessReceiverName' => NULL,
   'businessSenderName' => '101 name',
   'receiverAuthorizedGovRegistrationNumber' => NULL,
   'senderAuthorizedGovRegistrationNumber' => NULL,
   'pickupDate' => NULL,
   'deliveryCodDate' => NULL,
   'codBarcode' => '231012047640',
   'codBarcodeImage' => 'https://elasticbeanstalk-eu-central-1-640066223797.s3-accelerate.amazonaws.com/barcodes/231012047640.png',
   'fromAddress' => NULL,
   'toAddress' => NULL,
   'numberOfDaysFromPickupUntilNow' => NULL,
   'receiverName' => 'test 4',
   'senderName' => 'حسام بسيسو',
   'driverName' => NULL,
   'hubName' => NULL,
   'driverNotes' => NULL,
   'hubId' => 0,
   'parcelTypeId' => NULL,
   'invoiceNumber' => '00025476',
   'label' => NULL,
   'massCodPackageId' => NULL,
   'senderCity' => NULL,
   'senderVillage' => NULL,
   'receiverCity' => NULL,
   'timeSpanFromPickupToSort' => 0,
   'sortDate' => NULL,
   'customerBusinessName' => NULL,
   'customerRegistrationNumber' => NULL,
   'customerLogo' => NULL,
   'bankTransferId' => NULL,
   'destinationVillage' => NULL,
   'destinationAddressLine1' => NULL,
   'returnedPackageLocation' => NULL,
   'isShowSenderAddressInReport' => false,
   'isCustomerShowSenderNameInReport' => false,
   'supplierInvoice' => NULL,
   'destinationRegion' => NULL,
   'destinationCity' => NULL,
   'isFailed' => false,
   'failuresNumber' => 0,
   'isFailureResolved' => false,
   'partnerId' => NULL,
   'partnerPackageId' => NULL,
   'partnerName' => NULL,
   'isTransferred' => false,
   'partnerPackageCost' => 0.0,
   'customerStatusType' => NULL,
   'historyDate' => NULL,
   'driverId' => NULL,
   'receiverCustomerId' => NULL,
   'statusCode' => NULL,
   'isDraft' => false,
   'codStatus' => NULL,
   'originCity' => NULL,
   'originAddressLine1' => NULL,
   'driverPackageStatus' => NULL,
   'isAttachmentExist' => false,
   'isSignatureExist' => false,
   'isReceiverPayCost' => false,
   'subBundles' => NULL,
   'orderId' => NULL,
   'firstPickupDate' => NULL,
   'delayedDurationSincePickup' => NULL,
   'delayedDurationSinceCreated' => NULL,
   'draftPackageImageUrl' => NULL,
   'isDraftPackageWithoutReceiverInfo' => false,
   'driverEarning' => 0.0,
   'isDeliverToReceivingPoint' => false,
   'currency' => NULL,
   'interest' => 0.0,
   'destinationRegionId' => NULL,
   'serviceTypeId' => NULL,
   'serviceTypeName' => NULL,
   'vehicleTypeId' => NULL,
   'vehicleTypeName' => NULL,
   'returnDate' => NULL,
   'delayedDuration' => NULL,
   'location' => NULL,
   'codDriverName' => NULL,
   'codHubName' => NULL,
   'iban' => NULL,
   'expectedPickupDate' => NULL,
   'paidAmount' => 0.0,
   'assignToDriverDate' => NULL,
   'packageContent' => NULL,
   'deliveredByDriver' => NULL,
   'packageContents' => NULL,
   'driverLocation' => NULL,
   'deliveryLocation' => NULL,
   'authorName' => NULL,
   'customerAuthorId' => 54110,
   'isFingerprintRequired' => false,
   'accountReferenceNumber' => NULL,
   'msisdn' => NULL,
   'simNumber' => NULL,
   'paymentType' => NULL,
   'isSubBundle' => false,
   'customerAccountManagerPhone' => NULL,
   'verificationStatus' => NULL,
   'driverPhone' => NULL,
   'invoiceNumberBarcodeImage' => NULL,
   'codFees' => 0.0,
   'partnerType' => NULL,
   'containerNumber' => NULL,
   'lclPaymentStatus' => NULL,
   'toBePaid' => 0.0,
   'suppliers' => NULL,
   'containerSize' => NULL,
   'integrationSource' => NULL,
   'integrationDestination' => NULL,
   'isReturnedPackageConfirmedByCustomer' => false,
   'returnConfirmDate' => NULL,
   'exportDate' => NULL,
   'isNeedCooling' => false,
   'isNeedMeasurement' => false,
   'isNeedPreview' => false,
   'isDestructible' => false,
   'lastStatusDate' => NULL,
   'destinationHubId' => NULL,
   'receiverAddressBookId' => 7510066,
   'commissionFee' => 0.0,
   'returnsNum' => 0,
   'deliveriesNum' => 0.0,
   'failedReason' => NULL,
   'isPartiallyDelivered' => false,
   'bundleId' => NULL,
   'isBundle' => false,
   'billingAddressId' => NULL,
   'billingAddress' => NULL,
   'signatureImage' => NULL,
   'partnerPackageStatus' => NULL,
   'returnedPartnerPackageLocation' => NULL,
   'packageItems' => NULL,
   'devices' => NULL,
   'customerOptionalNumber' => NULL,
   'receiverVillage' => NULL,
   'codPackageId' => NULL,
   'email' => NULL,
   'password' => NULL,
   'dateBeforeReceiveCod' => NULL,
   'dateBeforePickUp' => NULL,
   'payerName' => NULL,
   'payerPhone' => NULL,
   'additionalCost' => 0.0,
   'percentageFee' => 0.0,
   'customerNotes' => NULL,
   'adminNotes' => NULL,
   'isAdminNotesAdded' => false,
   'toPayToReceiver' => NULL,
   'toCollectFromReceiver' => NULL,
   'codMismatchId' => NULL,
   'hubCost' => 0.0,
   'salesChannel' => NULL,
   'serviceTypeColor' => NULL,
   'receivedBy' => NULL,
   'fromHub' => NULL,
   'toHub' => NULL,
   'trip' => 
  stdClass::__set_state(array(
     'createdDate' => NULL,
     'id' => NULL,
     'companyId' => NULL,
     'tripNumber' => NULL,
     'mainTripCapacity' => 0.0,
     'citiiesTripsTimeSchedules' => NULL,
  )),
   'tripNumber' => NULL,
   'fromHubName' => NULL,
   'toHubName' => NULL,
   'fullCreaterName' => NULL,
   'returnReceiveDate' => NULL,
   'attachmentsUrlList' => NULL,
   'pickupType' => NULL,
   'isReturnedPackageCanBeConfirmed' => NULL,
   'isPreventMeasuring' => false,
   'customerType' => NULL,
   'qrCode' => 'https://elasticbeanstalk-eu-central-1-640066223797.s3-accelerate.amazonaws.com/barcodes/131012047643_1697114020395.png',
   'originalBusinessSenderName' => NULL,
   'isSenderPayCost' => false,
   'isToFinalDestination' => false,
   'codCustodyOnUserId' => NULL,
   'fulfillmentOrderId' => NULL,
   'insuranceFee' => 0.0,
   'additionalCodFee' => 0.0,
   'isInsured' => false,
   'bundleStatus' => NULL,
   'awbUrl' => NULL,
   'attachmentsCount' => 0,
   'permenantPartnerPackageId' => NULL,
   'parcelType' => NULL,
   'volumetricWeight' => 0.0,
   'fullReceiverName' => 'test 4',
   'fullSenderName' => 'حسام بسيسو',
   'isCustomerTelecom' => false,
   'isPickedBefore' => false,
   'deliveryRouteAsJson' => '{"nodes":[{"name":"Pending","arabicName":"طلب جديد","deliveryDate":"Oct 12, 2023, 12:33:38 PM","isArrived":true}]}',
))
 ================ 
stdClass::__set_state(array(
   'createdDate' => NULL,
   'id' => 12418500,
   'companyId' => 151,
   'customerId' => 54110,
   'description' => NULL,
   'weight' => 0.0,
   'quantity' => 1,
   'width' => 0.0,
   'length' => 0.0,
   'height' => 0.0,
   'cost' => 20.0,
   'type' => NULL,
   'requestDate' => NULL,
   'deliveryDate' => NULL,
   'expectedDeliveryDate' => '2023-10-14',
   'barcode' => '131012048732',
   'barcodeImage' => 'https://elasticbeanstalk-eu-central-1-640066223797.s3-accelerate.amazonaws.com/barcodes/131012048732.png',
   'thirdPartyTrackingNo' => NULL,
   'thirdPartyBarcode' => NULL,
   'thirdPartyBarcodeImage' => NULL,
   'thirdPartyServiceId' => NULL,
   'isInternationalShipping' => false,
   'originAddressId' => 18575837,
   'destinationAddressId' => 18575838,
   'originVillageId' => 590,
   'customer' => NULL,
   'originAddress' => 
  stdClass::__set_state(array(
     'createdDate' => NULL,
     'id' => NULL,
     'companyId' => NULL,
     'addressLine1' => '101 address',
     'addressLine2' => NULL,
     'city' => NULL,
     'cityId' => 5,
     'country' => NULL,
     'village' => NULL,
     'villageId' => 590,
     'region' => NULL,
     'regionId' => 1,
     'street' => NULL,
     'zipCode' => NULL,
     'latitude' => 0.0,
     'longitude' => 0.0,
     'locationAccuracy' => 0.0,
     'notes' => NULL,
     'buildingNo' => NULL,
     'buildingName' => NULL,
     'floorNo' => NULL,
     'doorNo' => NULL,
     'arabicRegionName' => NULL,
     'arabicCityName' => NULL,
     'arabicVillageName' => NULL,
     'words' => NULL,
  )),
   'destinationAddress' => 
  stdClass::__set_state(array(
     'createdDate' => NULL,
     'id' => NULL,
     'companyId' => NULL,
     'addressLine1' => 'test 55 details',
     'addressLine2' => NULL,
     'city' => NULL,
     'cityId' => 1,
     'country' => NULL,
     'village' => NULL,
     'villageId' => 586,
     'region' => NULL,
     'regionId' => 1,
     'street' => NULL,
     'zipCode' => NULL,
     'latitude' => 0.0,
     'longitude' => 0.0,
     'locationAccuracy' => 0.0,
     'notes' => NULL,
     'buildingNo' => NULL,
     'buildingName' => NULL,
     'floorNo' => NULL,
     'doorNo' => NULL,
     'arabicRegionName' => NULL,
     'arabicCityName' => NULL,
     'arabicVillageName' => NULL,
     'words' => NULL,
  )),
   'flagToManagement' => false,
   'products' => NULL,
   'driver' => NULL,
   'rate' => 0.0,
   'paymentStatus' => false,
   'isShippingPlan' => NULL,
   'cod' => 1.0,
   'originalCod' => 1.0,
   'serviceType' => 'STANDARD',
   'shipmentType' => 'COD',
   'shipmentTypeString' => NULL,
   'senderFirstName' => 'حسام بسيسو',
   'senderMiddleName' => NULL,
   'senderLastName' => '',
   'senderEmail' => 'hussam@phoenix.ps',
   'senderPhone' => '0592325932',
   'senderPhone2' => NULL,
   'receiverFirstName' => 'test 55',
   'receiverMiddleName' => NULL,
   'receiverLastName' => '',
   'receiverEmail' => NULL,
   'receiverPhone' => '6764948889',
   'receiverPhone2' => '',
   'productsNo' => 0,
   'status' => 'PENDING_CUSTOMER_CARE_APPROVAL',
   'completedStatus' => NULL,
   'customerName' => NULL,
   'nextDestination' => 'Nablus',
   'notes' => '',
   'isInsurance' => false,
   'isFragile' => false,
   'isPreventOpen' => false,
   'isflammable' => false,
   'isHazardousMaterial' => false,
   'isAnimalOrPit' => false,
   'isNeedPackaging' => false,
   'isCodChanged' => false,
   'isCostChanged' => false,
   'codChangeRequest' => NULL,
   'deliveryRoute' => 
  array (
    0 => 
    stdClass::__set_state(array(
       'name' => 'Pending',
       'arabicName' => 'طلب جديد',
       'deliveryDate' => '2023-10-12T12:59:18.868+0000',
       'type' => NULL,
       'typeKey' => NULL,
       'userName' => NULL,
       'isArrived' => true,
    )),
  ),
   'packageItemsToDeliver' => NULL,
   'packageItemsToDeliverList' => NULL,
   'authorId' => NULL,
   'isCodPackage' => false,
   'postponedDeliveryDate' => NULL,
   'businessReceiverName' => NULL,
   'businessSenderName' => '101 name',
   'receiverAuthorizedGovRegistrationNumber' => NULL,
   'senderAuthorizedGovRegistrationNumber' => NULL,
   'pickupDate' => NULL,
   'deliveryCodDate' => NULL,
   'codBarcode' => '231012048739',
   'codBarcodeImage' => 'https://elasticbeanstalk-eu-central-1-640066223797.s3-accelerate.amazonaws.com/barcodes/231012048739.png',
   'fromAddress' => NULL,
   'toAddress' => NULL,
   'numberOfDaysFromPickupUntilNow' => NULL,
   'receiverName' => 'test 55',
   'senderName' => 'حسام بسيسو',
   'driverName' => NULL,
   'hubName' => NULL,
   'driverNotes' => NULL,
   'hubId' => 0,
   'parcelTypeId' => NULL,
   'invoiceNumber' => NULL,
   'label' => NULL,
   'massCodPackageId' => NULL,
   'senderCity' => NULL,
   'senderVillage' => NULL,
   'receiverCity' => NULL,
   'timeSpanFromPickupToSort' => 0,
   'sortDate' => NULL,
   'customerBusinessName' => NULL,
   'customerRegistrationNumber' => NULL,
   'customerLogo' => NULL,
   'bankTransferId' => NULL,
   'destinationVillage' => NULL,
   'destinationAddressLine1' => NULL,
   'returnedPackageLocation' => NULL,
   'isShowSenderAddressInReport' => false,
   'isCustomerShowSenderNameInReport' => false,
   'supplierInvoice' => NULL,
   'destinationRegion' => NULL,
   'destinationCity' => NULL,
   'isFailed' => false,
   'failuresNumber' => 0,
   'isFailureResolved' => false,
   'partnerId' => NULL,
   'partnerPackageId' => NULL,
   'partnerName' => NULL,
   'isTransferred' => false,
   'partnerPackageCost' => 0.0,
   'customerStatusType' => NULL,
   'historyDate' => NULL,
   'driverId' => NULL,
   'receiverCustomerId' => NULL,
   'statusCode' => NULL,
   'isDraft' => false,
   'codStatus' => NULL,
   'originCity' => NULL,
   'originAddressLine1' => NULL,
   'driverPackageStatus' => NULL,
   'isAttachmentExist' => false,
   'isSignatureExist' => false,
   'isReceiverPayCost' => false,
   'subBundles' => NULL,
   'orderId' => NULL,
   'firstPickupDate' => NULL,
   'delayedDurationSincePickup' => NULL,
   'delayedDurationSinceCreated' => NULL,
   'draftPackageImageUrl' => NULL,
   'isDraftPackageWithoutReceiverInfo' => false,
   'driverEarning' => 0.0,
   'isDeliverToReceivingPoint' => false,
   'currency' => NULL,
   'interest' => 0.0,
   'destinationRegionId' => NULL,
   'serviceTypeId' => NULL,
   'serviceTypeName' => NULL,
   'vehicleTypeId' => NULL,
   'vehicleTypeName' => NULL,
   'returnDate' => NULL,
   'delayedDuration' => NULL,
   'location' => NULL,
   'codDriverName' => NULL,
   'codHubName' => NULL,
   'iban' => NULL,
   'expectedPickupDate' => NULL,
   'paidAmount' => 0.0,
   'assignToDriverDate' => NULL,
   'packageContent' => NULL,
   'deliveredByDriver' => NULL,
   'packageContents' => NULL,
   'driverLocation' => NULL,
   'deliveryLocation' => NULL,
   'authorName' => NULL,
   'customerAuthorId' => 54110,
   'isFingerprintRequired' => false,
   'accountReferenceNumber' => NULL,
   'msisdn' => NULL,
   'simNumber' => NULL,
   'paymentType' => NULL,
   'isSubBundle' => false,
   'customerAccountManagerPhone' => NULL,
   'verificationStatus' => NULL,
   'driverPhone' => NULL,
   'invoiceNumberBarcodeImage' => NULL,
   'codFees' => 0.0,
   'partnerType' => NULL,
   'containerNumber' => NULL,
   'lclPaymentStatus' => NULL,
   'toBePaid' => 0.0,
   'suppliers' => NULL,
   'containerSize' => NULL,
   'integrationSource' => NULL,
   'integrationDestination' => NULL,
   'isReturnedPackageConfirmedByCustomer' => false,
   'returnConfirmDate' => NULL,
   'exportDate' => NULL,
   'isNeedCooling' => false,
   'isNeedMeasurement' => false,
   'isNeedPreview' => false,
   'isDestructible' => false,
   'lastStatusDate' => NULL,
   'destinationHubId' => NULL,
   'receiverAddressBookId' => 7522125,
   'commissionFee' => 0.0,
   'returnsNum' => 0,
   'deliveriesNum' => 0.0,
   'failedReason' => NULL,
   'isPartiallyDelivered' => false,
   'bundleId' => NULL,
   'isBundle' => false,
   'billingAddressId' => NULL,
   'billingAddress' => NULL,
   'signatureImage' => NULL,
   'partnerPackageStatus' => NULL,
   'returnedPartnerPackageLocation' => NULL,
   'packageItems' => NULL,
   'devices' => NULL,
   'customerOptionalNumber' => NULL,
   'receiverVillage' => NULL,
   'codPackageId' => NULL,
   'email' => NULL,
   'password' => NULL,
   'dateBeforeReceiveCod' => NULL,
   'dateBeforePickUp' => NULL,
   'payerName' => NULL,
   'payerPhone' => NULL,
   'additionalCost' => 0.0,
   'percentageFee' => 0.0,
   'customerNotes' => NULL,
   'adminNotes' => NULL,
   'isAdminNotesAdded' => false,
   'toPayToReceiver' => NULL,
   'toCollectFromReceiver' => NULL,
   'codMismatchId' => NULL,
   'hubCost' => 0.0,
   'salesChannel' => NULL,
   'serviceTypeColor' => NULL,
   'receivedBy' => NULL,
   'fromHub' => NULL,
   'toHub' => NULL,
   'trip' => 
  stdClass::__set_state(array(
     'createdDate' => NULL,
     'id' => NULL,
     'companyId' => NULL,
     'tripNumber' => NULL,
     'mainTripCapacity' => 0.0,
     'citiiesTripsTimeSchedules' => NULL,
  )),
   'tripNumber' => NULL,
   'fromHubName' => NULL,
   'toHubName' => NULL,
   'fullCreaterName' => NULL,
   'returnReceiveDate' => NULL,
   'attachmentsUrlList' => NULL,
   'pickupType' => NULL,
   'isReturnedPackageCanBeConfirmed' => NULL,
   'isPreventMeasuring' => false,
   'customerType' => NULL,
   'qrCode' => 'https://elasticbeanstalk-eu-central-1-640066223797.s3-accelerate.amazonaws.com/barcodes/131012048732_1697115559649.png',
   'originalBusinessSenderName' => NULL,
   'isSenderPayCost' => false,
   'isToFinalDestination' => false,
   'codCustodyOnUserId' => NULL,
   'fulfillmentOrderId' => NULL,
   'insuranceFee' => 0.0,
   'additionalCodFee' => 0.0,
   'isInsured' => false,
   'bundleStatus' => NULL,
   'awbUrl' => NULL,
   'attachmentsCount' => 0,
   'permenantPartnerPackageId' => NULL,
   'parcelType' => NULL,
   'volumetricWeight' => 0.0,
   'fullReceiverName' => 'test 55',
   'fullSenderName' => 'حسام بسيسو',
   'isCustomerTelecom' => false,
   'isPickedBefore' => false,
   'deliveryRouteAsJson' => '{"nodes":[{"name":"Pending","arabicName":"طلب جديد","deliveryDate":"Oct 12, 2023, 12:59:18 PM","isArrived":true}]}',
))
 ================ 
