
 *************************** 
'Lilac ,Online Boutique,0569333313,client@togo.ps,000000000,Lilac Boutique ,ramalah,1'
 ================ 
'6a98efb1-a206-43b0-90cf-ce50a899b643.png'
 ================ 

 *************************** 
'Janice,Lowes,5195774125,timjanlowes@gmail.com,,Jan Lowes,38-225 Benjamin Rd. Waterloo Ontario N2V 1Z3,'
 ================ 
'BlankProfile.png'
 ================ 

 *************************** 
'Tim,Lowes,5195750498,timjanlowes@gmail.com,,Tim Lowes,225 Benjamin Road ,'
 ================ 
'BlankProfile.png'
 ================ 

 *************************** 
'dalia,masri,0599999660,daliamasri50@outlook.com,,Palestine fashion,Nablus - Amman street next to Al-rawada college and schools ,'
 ================ 
'BlankProfile.png'
 ================ 

 *************************** 
'محمود ,ملاح,0566308005,Mmallah40@gmail.com,,جينيف للهدايا,جنين,'
 ================ 
'BlankProfile.png'
 ================ 

 *************************** 
'محمود ,ملاح,0566308005,Mmallah40@gmail.com,,جينيف للهدايا,جنين,'
 ================ 
'BlankProfile.png'
 ================ 

 *************************** 
'jody,samman,0594440033,Alsamman.comp@gmail.con,,jody,ramallah,'
 ================ 
'BlankProfile.png'
 ================ 

 *************************** 
'Taleb,Bseiso,0599807670,talib.bseiso@gmail.com,,مركز التجهيزات الزراعية,ام الشرايط، دوار حبوب- بالقرب من مدرسة الوكاله,'
 ================ 
'BlankProfile.png'
 ================ 

 *************************** 
'Moda ,Dress,0597234556,danasalah32@gmail.com,036620078,Moda ,عمارة النعمان في البيرة  V&V,1'
 ================ 
'ef71f78f-7489-4b34-b87d-e8718f2dfebd.png'
 ================ 

 *************************** 
'fares ,yaghi,0597933999,yaghi.1143092@gmail.com,,yaag,Ramallah,'
 ================ 
'BlankProfile.png'
 ================ 

 *************************** 
'Lour,Shatara,0598303310,lourshatara95@gmail.com,0000,AlManara Dental,Ramallah,1'
 ================ 
'ad072c89-b43b-48df-90cf-c6b20c6523be.png'
 ================ 
